{"/home/anxiousv/Programming/Javascript/hexlet/frontend/frontend-project-lvl2/src/index.js": {"path":"/home/anxiousv/Programming/Javascript/hexlet/frontend/frontend-project-lvl2/src/index.js","statementMap":{"0":{"start":{"line":6,"column":16},"end":{"line":6,"column":54}},"1":{"start":{"line":7,"column":16},"end":{"line":7,"column":54}},"2":{"start":{"line":9,"column":15},"end":{"line":9,"column":58}},"3":{"start":{"line":10,"column":15},"end":{"line":10,"column":58}},"4":{"start":{"line":12,"column":16},"end":{"line":12,"column":36}},"5":{"start":{"line":14,"column":14},"end":{"line":21,"column":6}},"6":{"start":{"line":17,"column":6},"end":{"line":17,"column":64}},"7":{"start":{"line":17,"column":36},"end":{"line":17,"column":64}},"8":{"start":{"line":18,"column":6},"end":{"line":18,"column":64}},"9":{"start":{"line":18,"column":36},"end":{"line":18,"column":64}},"10":{"start":{"line":19,"column":6},"end":{"line":19,"column":87}},"11":{"start":{"line":19,"column":31},"end":{"line":19,"column":87}},"12":{"start":{"line":20,"column":6},"end":{"line":20,"column":34}},"13":{"start":{"line":23,"column":14},"end":{"line":23,"column":39}},"14":{"start":{"line":25,"column":2},"end":{"line":25,"column":13}}},"fnMap":{"0":{"name":"(anonymous_0)","decl":{"start":{"line":5,"column":15},"end":{"line":5,"column":16}},"loc":{"start":{"line":5,"column":41},"end":{"line":26,"column":1}},"line":5},"1":{"name":"(anonymous_1)","decl":{"start":{"line":16,"column":9},"end":{"line":16,"column":10}},"loc":{"start":{"line":16,"column":27},"end":{"line":21,"column":5}},"line":16}},"branchMap":{"0":{"loc":{"start":{"line":17,"column":6},"end":{"line":17,"column":64}},"type":"if","locations":[{"start":{"line":17,"column":6},"end":{"line":17,"column":64}},{"start":{},"end":{}}],"line":17},"1":{"loc":{"start":{"line":18,"column":6},"end":{"line":18,"column":64}},"type":"if","locations":[{"start":{"line":18,"column":6},"end":{"line":18,"column":64}},{"start":{},"end":{}}],"line":18},"2":{"loc":{"start":{"line":19,"column":6},"end":{"line":19,"column":87}},"type":"if","locations":[{"start":{"line":19,"column":6},"end":{"line":19,"column":87}},{"start":{},"end":{}}],"line":19}},"s":{"0":1,"1":1,"2":1,"3":1,"4":1,"5":1,"6":5,"7":1,"8":4,"9":2,"10":2,"11":1,"12":1,"13":1,"14":1},"f":{"0":1,"1":5},"b":{"0":[1,4],"1":[2,2],"2":[1,1]},"_coverageSchema":"1a1c01bbd47fc00a2c39e90264f33305004495a9","hash":"1077cb936fc8a64a06df5263ca3ee4e537876143"}
}
